<?xml version="1.0" encoding="UTF-8"?>
<!-- Generated by org.testng.reporters.JUnitXMLReporter -->
<testsuite ignored="8" hostname="Krishna-PC" failures="0" tests="1" name="Default test" time="0.345" errors="0" timestamp="2024-01-06T20:53:15 IST">
  <testcase classname="groww.runner.RunTest" name="@BeforeMethod openbrowser" time="-1.704554595097E9">
    <failure type="org.testng.TestNGException" message="
Parameter &amp;apos;browserName&amp;apos; is required by BeforeMethod on method openbrowser but has not been marked @Optional or defined
in C:\Users\hp\AppData\Local\Temp\testng-eclipse-1211734814\testng-customsuite.xml">
      <![CDATA[org.testng.TestNGException: 
Parameter 'browserName' is required by BeforeMethod on method openbrowser but has not been marked @Optional or defined
in C:\Users\hp\AppData\Local\Temp\testng-eclipse-1211734814\testng-customsuite.xml
at org.testng.internal.Parameters.createParams(Parameters.java:267)
at org.testng.internal.Parameters.createParametersForMethod(Parameters.java:355)
at org.testng.internal.Parameters.createParameters(Parameters.java:684)
at org.testng.internal.Parameters.createConfigurationParameters(Parameters.java:166)
at org.testng.internal.invokers.ConfigInvoker.invokeConfigurations(ConfigInvoker.java:306)
at org.testng.internal.invokers.TestInvoker.runConfigMethods(TestInvoker.java:810)
at org.testng.internal.invokers.TestInvoker.invokeMethod(TestInvoker.java:577)
at org.testng.internal.invokers.TestInvoker.invokeTestMethod(TestInvoker.java:227)
at org.testng.internal.invokers.MethodRunner.runInSequence(MethodRunner.java:50)
at org.testng.internal.invokers.TestInvoker$MethodInvocationAgent.invoke(TestInvoker.java:957)
at org.testng.internal.invokers.TestInvoker.invokeTestMethods(TestInvoker.java:200)
at org.testng.internal.invokers.TestMethodWorker.invokeTestMethods(TestMethodWorker.java:148)
at org.testng.internal.invokers.TestMethodWorker.run(TestMethodWorker.java:128)
at java.base/java.util.ArrayList.forEach(ArrayList.java:1511)
at org.testng.TestRunner.privateRun(TestRunner.java:848)
at org.testng.TestRunner.run(TestRunner.java:621)
at org.testng.SuiteRunner.runTest(SuiteRunner.java:443)
at org.testng.SuiteRunner.runSequentially(SuiteRunner.java:437)
at org.testng.SuiteRunner.privateRun(SuiteRunner.java:397)
at org.testng.SuiteRunner.run(SuiteRunner.java:336)
at org.testng.SuiteRunnerWorker.runSuite(SuiteRunnerWorker.java:52)
at org.testng.SuiteRunnerWorker.run(SuiteRunnerWorker.java:95)
at org.testng.TestNG.runSuitesSequentially(TestNG.java:1280)
at org.testng.TestNG.runSuitesLocally(TestNG.java:1200)
at org.testng.TestNG.runSuites(TestNG.java:1114)
at org.testng.TestNG.run(TestNG.java:1082)
at org.testng.remote.AbstractRemoteTestNG.run(AbstractRemoteTestNG.java:115)
at org.testng.remote.RemoteTestNG.initAndRun(RemoteTestNG.java:251)
at org.testng.remote.RemoteTestNG.main(RemoteTestNG.java:77)
]]>
    </failure>
  </testcase> <!-- @BeforeMethod openbrowser -->
  <testcase classname="groww.runner.RunTest" name="@AfterMethod exit" time="0.0">
    <skipped/>
  </testcase> <!-- @AfterMethod exit -->
  <testcase classname="groww.runner.RunTest" name="@AfterTest generateReport" time="0.0">
    <skipped/>
  </testcase> <!-- @AfterTest generateReport -->
  <testcase classname="groww.runner.RunTest" name="testcasenine" time="0.0">
    <skipped/>
  </testcase> <!-- testcasenine -->
  <testcase classname="groww.runner.RunTest" name="testcasethree" time="0.0">
    <ignored/>
  </testcase> <!-- testcasethree -->
  <testcase classname="groww.runner.RunTest" name="testcasetwo" time="0.0">
    <ignored/>
  </testcase> <!-- testcasetwo -->
  <testcase classname="groww.runner.RunTest" name="testcaseseven" time="0.0">
    <ignored/>
  </testcase> <!-- testcaseseven -->
  <testcase classname="groww.runner.RunTest" name="testcasesix" time="0.0">
    <ignored/>
  </testcase> <!-- testcasesix -->
  <testcase classname="groww.runner.RunTest" name="testcaseone" time="0.0">
    <ignored/>
  </testcase> <!-- testcaseone -->
  <testcase classname="groww.runner.RunTest" name="testcaseeight" time="0.0">
    <ignored/>
  </testcase> <!-- testcaseeight -->
  <testcase classname="groww.runner.RunTest" name="testcasefour" time="0.0">
    <ignored/>
  </testcase> <!-- testcasefour -->
  <testcase classname="groww.runner.RunTest" name="testcasefive" time="0.0">
    <ignored/>
  </testcase> <!-- testcasefive -->
</testsuite> <!-- Default test -->
